<?xml version="1.0" encoding="UTF-8"?>
<testsuite name="com.coorsmi.book.springboot.dto.HelloResponseTest" tests="1" skipped="0" failures="0" errors="0" timestamp="2022-04-01T14:03:41" hostname="DESKTOP-L98HC6E" time="0.002">
  <properties/>
  <testcase name="룸북_기능_테스트" classname="com.coorsmi.book.springboot.dto.HelloResponseTest" time="0.002"/>
  <system-out><![CDATA[]]></system-out>
  <system-err><![CDATA[]]></system-err>
</testsuite>
